<?xml version="1.0" encoding="UTF-8"?>
<robot generator="Robot 3.0.4 (Python 3.6.5 on win32)" generated="20190314 11:53:56.559">
<suite id="s1" name="Amazon" source="C:\development\more_readable\tests\amazon.robot">
<test id="s1-t1" name="Logged out user can search for products">
<kw name="Begin Web Test" library="Common" type="setup">
<kw name="Open Browser" library="SeleniumLibrary">
<doc>Opens a new browser instance to the given ``url``.</doc>
<arguments>
<arg>about:blank</arg>
<arg>chrome</arg>
</arguments>
<msg timestamp="20190314 11:53:56.803" level="INFO">Opening browser 'chrome' to base url 'about:blank'.</msg>
<status status="PASS" starttime="20190314 11:53:56.803" endtime="20190314 11:53:59.441"></status>
</kw>
<status status="PASS" starttime="20190314 11:53:56.802" endtime="20190314 11:53:59.441"></status>
</kw>
<kw name="Search for Products" library="AmazonApp">
<kw name="LandingPage.Load">
<msg timestamp="20190314 11:53:59.448" level="FAIL">No keyword with name 'LandingPage.Load' found.</msg>
<status status="FAIL" starttime="20190314 11:53:59.448" endtime="20190314 11:53:59.448"></status>
</kw>
<status status="FAIL" starttime="20190314 11:53:59.441" endtime="20190314 11:53:59.449"></status>
</kw>
<kw name="End Web Test" library="Common" type="teardown">
<kw name="Close Browser" library="SeleniumLibrary">
<doc>Closes the current browser.</doc>
<status status="PASS" starttime="20190314 11:53:59.450" endtime="20190314 11:54:01.609"></status>
</kw>
<status status="PASS" starttime="20190314 11:53:59.449" endtime="20190314 11:54:01.609"></status>
</kw>
<tags>
<tag>Smoke</tag>
</tags>
<status status="FAIL" starttime="20190314 11:53:56.802" endtime="20190314 11:54:01.610" critical="yes">No keyword with name 'LandingPage.Load' found.</status>
</test>
<test id="s1-t2" name="Logged out user can view a product">
<kw name="Begin Web Test" library="Common" type="setup">
<kw name="Open Browser" library="SeleniumLibrary">
<doc>Opens a new browser instance to the given ``url``.</doc>
<arguments>
<arg>about:blank</arg>
<arg>chrome</arg>
</arguments>
<msg timestamp="20190314 11:54:01.612" level="INFO">Opening browser 'chrome' to base url 'about:blank'.</msg>
<status status="PASS" starttime="20190314 11:54:01.612" endtime="20190314 11:54:04.046"></status>
</kw>
<status status="PASS" starttime="20190314 11:54:01.612" endtime="20190314 11:54:04.046"></status>
</kw>
<kw name="Search for Products" library="AmazonApp">
<kw name="LandingPage.Load">
<msg timestamp="20190314 11:54:04.056" level="FAIL">No keyword with name 'LandingPage.Load' found.</msg>
<status status="FAIL" starttime="20190314 11:54:04.056" endtime="20190314 11:54:04.056"></status>
</kw>
<status status="FAIL" starttime="20190314 11:54:04.047" endtime="20190314 11:54:04.056"></status>
</kw>
<kw name="End Web Test" library="Common" type="teardown">
<kw name="Close Browser" library="SeleniumLibrary">
<doc>Closes the current browser.</doc>
<status status="PASS" starttime="20190314 11:54:04.058" endtime="20190314 11:54:06.212"></status>
</kw>
<status status="PASS" starttime="20190314 11:54:04.057" endtime="20190314 11:54:06.213"></status>
</kw>
<tags>
<tag>Smoke</tag>
</tags>
<status status="FAIL" starttime="20190314 11:54:01.611" endtime="20190314 11:54:06.214" critical="yes">No keyword with name 'LandingPage.Load' found.</status>
</test>
<test id="s1-t3" name="Logged out user can add product to cart">
<kw name="Begin Web Test" library="Common" type="setup">
<kw name="Open Browser" library="SeleniumLibrary">
<doc>Opens a new browser instance to the given ``url``.</doc>
<arguments>
<arg>about:blank</arg>
<arg>chrome</arg>
</arguments>
<msg timestamp="20190314 11:54:06.221" level="INFO">Opening browser 'chrome' to base url 'about:blank'.</msg>
<status status="PASS" starttime="20190314 11:54:06.220" endtime="20190314 11:54:08.721"></status>
</kw>
<status status="PASS" starttime="20190314 11:54:06.219" endtime="20190314 11:54:08.722"></status>
</kw>
<kw name="Search for Products" library="AmazonApp">
<kw name="LandingPage.Load">
<msg timestamp="20190314 11:54:08.729" level="FAIL">No keyword with name 'LandingPage.Load' found.</msg>
<status status="FAIL" starttime="20190314 11:54:08.729" endtime="20190314 11:54:08.729"></status>
</kw>
<status status="FAIL" starttime="20190314 11:54:08.722" endtime="20190314 11:54:08.729"></status>
</kw>
<kw name="End Web Test" library="Common" type="teardown">
<kw name="Close Browser" library="SeleniumLibrary">
<doc>Closes the current browser.</doc>
<status status="PASS" starttime="20190314 11:54:08.731" endtime="20190314 11:54:10.874"></status>
</kw>
<status status="PASS" starttime="20190314 11:54:08.730" endtime="20190314 11:54:10.874"></status>
</kw>
<tags>
<tag>Smoke</tag>
</tags>
<status status="FAIL" starttime="20190314 11:54:06.217" endtime="20190314 11:54:10.875" critical="yes">No keyword with name 'LandingPage.Load' found.</status>
</test>
<test id="s1-t4" name="Logged out user must sign in to check out">
<kw name="Begin Web Test" library="Common" type="setup">
<kw name="Open Browser" library="SeleniumLibrary">
<doc>Opens a new browser instance to the given ``url``.</doc>
<arguments>
<arg>about:blank</arg>
<arg>chrome</arg>
</arguments>
<msg timestamp="20190314 11:54:10.885" level="INFO">Opening browser 'chrome' to base url 'about:blank'.</msg>
<status status="PASS" starttime="20190314 11:54:10.885" endtime="20190314 11:54:13.258"></status>
</kw>
<status status="PASS" starttime="20190314 11:54:10.884" endtime="20190314 11:54:13.258"></status>
</kw>
<kw name="Search for Products" library="AmazonApp">
<kw name="LandingPage.Load">
<msg timestamp="20190314 11:54:13.264" level="FAIL">No keyword with name 'LandingPage.Load' found.</msg>
<status status="FAIL" starttime="20190314 11:54:13.264" endtime="20190314 11:54:13.264"></status>
</kw>
<status status="FAIL" starttime="20190314 11:54:13.259" endtime="20190314 11:54:13.265"></status>
</kw>
<kw name="End Web Test" library="Common" type="teardown">
<kw name="Close Browser" library="SeleniumLibrary">
<doc>Closes the current browser.</doc>
<status status="PASS" starttime="20190314 11:54:13.266" endtime="20190314 11:54:15.437"></status>
</kw>
<status status="PASS" starttime="20190314 11:54:13.265" endtime="20190314 11:54:15.438"></status>
</kw>
<tags>
<tag>Smoke</tag>
</tags>
<status status="FAIL" starttime="20190314 11:54:10.881" endtime="20190314 11:54:15.439" critical="yes">No keyword with name 'LandingPage.Load' found.</status>
</test>
<doc>This is some basic info about the whole suite</doc>
<status status="FAIL" starttime="20190314 11:53:56.562" endtime="20190314 11:54:15.446"></status>
</suite>
<statistics>
<total>
<stat pass="0" fail="4">Critical Tests</stat>
<stat pass="0" fail="4">All Tests</stat>
</total>
<tag>
<stat pass="0" fail="4">Smoke</stat>
</tag>
<suite>
<stat pass="0" fail="4" id="s1" name="Amazon">Amazon</stat>
</suite>
</statistics>
<errors>
<msg timestamp="20190314 11:53:56.793" level="ERROR">Error in file 'C:\development\more_readable\Resources\AmazonApp.robot': Resource file 'Resources\PO\LandingPage.robot' does not exist.</msg>
<msg timestamp="20190314 11:53:56.795" level="ERROR">Error in file 'C:\development\more_readable\Resources\AmazonApp.robot': Resource file 'Resources\PO\TopNav.robot' does not exist.</msg>
<msg timestamp="20190314 11:53:56.796" level="ERROR">Error in file 'C:\development\more_readable\Resources\AmazonApp.robot': Resource file 'Resources\PO\SearchResults.robot' does not exist.</msg>
<msg timestamp="20190314 11:53:56.797" level="ERROR">Error in file 'C:\development\more_readable\Resources\AmazonApp.robot': Resource file 'Resources\PO\Product.robot' does not exist.</msg>
<msg timestamp="20190314 11:53:56.799" level="ERROR">Error in file 'C:\development\more_readable\Resources\AmazonApp.robot': Resource file 'Resources\PO\Cart.robot' does not exist.</msg>
<msg timestamp="20190314 11:53:56.800" level="ERROR">Error in file 'C:\development\more_readable\Resources\AmazonApp.robot': Resource file 'Resources\PO\SignIn.robot' does not exist.</msg>
</errors>
</robot>
